<?xml version="1.0" encoding="UTF-8"?>
<!-- Generated by org.testng.reporters.JUnitReportReporter -->
<testsuite hostname="DESKTOP-F05IGTL" failures="0" tests="1" name="TestNGCraftOfExile" time="0.049" errors="0" timestamp="2021-03-03T15:40:14 EET" skipped="0">
  <testcase classname="TestNGCraftOfExile" name="verifyHomePageTitle" time="0.049"/>
  <system-out/>
</testsuite> <!-- TestNGCraftOfExile -->
