<?xml version="1.0" encoding="UTF-8"?>
<!-- Generated by org.testng.reporters.JUnitReportReporter -->
<testsuite hostname="DESKTOP-F05IGTL" failures="0" tests="1" name="TestNGZKillBoard" time="0.030" errors="0" timestamp="2021-02-24T19:47:05 EET" skipped="0">
  <testcase classname="TestNGZKillBoard" name="verifyCharacterName" time="0.030"/>
  <system-out/>
</testsuite> <!-- TestNGZKillBoard -->
