<?xml version="1.0" encoding="UTF-8"?>
<!-- Generated by org.testng.reporters.JUnitReportReporter -->
<testsuite hostname="DESKTOP-F05IGTL" failures="0" tests="2" name="TestNGCraftOfExile" time="0.165" errors="0" timestamp="2021-02-24T19:47:05 EET" skipped="0">
  <testcase classname="TestNGCraftOfExile" name="verifyHomePageTitle" time="0.019"/>
  <system-out/>
  <testcase classname="TestNGCraftOfExile" name="verifyLanguages" time="0.146"/>
  <system-out/>
</testsuite> <!-- TestNGCraftOfExile -->
